<?xml version="1.0" encoding="UTF-8" standalone="yes"?>
<unit xmlns="http://www.srcML.org/srcML/src" xmlns:cpp="http://www.srcML.org/srcML/cpp" revision="1.0.0" language="C" filename="/home/user/cppstats/test/freeBSD_res/_cppstats_featurelocations/freebsd-src/contrib/libevent/test/test-init.c">

























<cpp:include>#<cpp:directive>include</cpp:directive> <cpp:file>"event2/event-config.h"</cpp:file></cpp:include>

<cpp:include>#<cpp:directive>include</cpp:directive> <cpp:file>&lt;sys/types.h&gt;</cpp:file></cpp:include>
<cpp:include>#<cpp:directive>include</cpp:directive> <cpp:file>&lt;sys/stat.h&gt;</cpp:file></cpp:include>
<cpp:if>#<cpp:directive>if</cpp:directive> <expr><call><name>defined</name><argument_list>(<argument><expr><name>EVENT__HAVE_SYS_TIME_H</name></expr></argument>)</argument_list></call></expr></cpp:if>
<cpp:include>#<cpp:directive>include</cpp:directive> <cpp:file>&lt;sys/time.h&gt;</cpp:file></cpp:include>
<cpp:endif>#<cpp:directive>endif</cpp:directive></cpp:endif>
<cpp:if>#<cpp:directive>if</cpp:directive> <expr><call><name>defined</name><argument_list>(<argument><expr><name>EVENT__HAVE_SYS_SOCKET_H</name></expr></argument>)</argument_list></call></expr></cpp:if>
<cpp:include>#<cpp:directive>include</cpp:directive> <cpp:file>&lt;sys/socket.h&gt;</cpp:file></cpp:include>
<cpp:endif>#<cpp:directive>endif</cpp:directive></cpp:endif>
<cpp:include>#<cpp:directive>include</cpp:directive> <cpp:file>&lt;fcntl.h&gt;</cpp:file></cpp:include>
<cpp:include>#<cpp:directive>include</cpp:directive> <cpp:file>&lt;stdlib.h&gt;</cpp:file></cpp:include>
<cpp:include>#<cpp:directive>include</cpp:directive> <cpp:file>&lt;stdio.h&gt;</cpp:file></cpp:include>
<cpp:include>#<cpp:directive>include</cpp:directive> <cpp:file>&lt;string.h&gt;</cpp:file></cpp:include>
<cpp:if>#<cpp:directive>if</cpp:directive> <expr><operator>!</operator><call><name>defined</name><argument_list>(<argument><expr><name>_WIN32</name></expr></argument>)</argument_list></call></expr></cpp:if>
<cpp:include>#<cpp:directive>include</cpp:directive> <cpp:file>&lt;unistd.h&gt;</cpp:file></cpp:include>
<cpp:endif>#<cpp:directive>endif</cpp:directive></cpp:endif>
<cpp:include>#<cpp:directive>include</cpp:directive> <cpp:file>&lt;errno.h&gt;</cpp:file></cpp:include>

<cpp:include>#<cpp:directive>include</cpp:directive> <cpp:file>&lt;event.h&gt;</cpp:file></cpp:include>

<function><type><name>int</name></type>
<name>main</name><parameter_list>(<parameter><decl><type><name>int</name></type> <name>argc</name></decl></parameter>, <parameter><decl><type><name>char</name> <modifier>*</modifier><modifier>*</modifier></type><name>argv</name></decl></parameter>)</parameter_list>
<block>{<block_content>
<cpp:if>#<cpp:directive>if</cpp:directive> <expr><call><name>defined</name><argument_list>(<argument><expr><name>_WIN32</name></expr></argument>)</argument_list></call></expr></cpp:if>
<decl_stmt><decl><type><name>WORD</name></type> <name>wVersionRequested</name></decl>;</decl_stmt>
<decl_stmt><decl><type><name>WSADATA</name></type> <name>wsaData</name></decl>;</decl_stmt>

<expr_stmt><expr><name>wVersionRequested</name> <operator>=</operator> <call><name>MAKEWORD</name><argument_list>(<argument><expr><literal type="number">2</literal></expr></argument>, <argument><expr><literal type="number">2</literal></expr></argument>)</argument_list></call></expr>;</expr_stmt>

<expr_stmt><expr><operator>(</operator><name>void</name><operator>)</operator> <call><name>WSAStartup</name><argument_list>(<argument><expr><name>wVersionRequested</name></expr></argument>, <argument><expr><operator>&amp;</operator><name>wsaData</name></expr></argument>)</argument_list></call></expr>;</expr_stmt>
<cpp:endif>#<cpp:directive>endif</cpp:directive></cpp:endif>


<expr_stmt><expr><call><name>event_init</name><argument_list>()</argument_list></call></expr>;</expr_stmt>

<return>return <expr><operator>(</operator><literal type="number">0</literal><operator>)</operator></expr>;</return>
</block_content>}</block></function>

</unit>
