<?xml version="1.0" encoding="UTF-8" standalone="yes"?>
<unit xmlns="http://www.srcML.org/srcML/src" xmlns:cpp="http://www.srcML.org/srcML/cpp" revision="1.0.0" language="C" filename="/home/user/cppstats/test/freeBSD_res/_cppstats_featurelocations/freebsd-src/contrib/libevent/test/test-fdleak.c">

























<cpp:include>#<cpp:directive>include</cpp:directive> <cpp:file>"event2/event-config.h"</cpp:file></cpp:include>

<cpp:if>#<cpp:directive>if</cpp:directive> <expr><call><name>defined</name><argument_list>(<argument><expr><name>_WIN32</name></expr></argument>)</argument_list></call></expr></cpp:if>
<cpp:define>#<cpp:directive>define</cpp:directive> <cpp:macro><name>WIN32_LEAN_AND_MEAN</name></cpp:macro></cpp:define>
<cpp:include>#<cpp:directive>include</cpp:directive> <cpp:file>&lt;windows.h&gt;</cpp:file></cpp:include>
<cpp:endif>#<cpp:directive>endif</cpp:directive></cpp:endif>
<cpp:include>#<cpp:directive>include</cpp:directive> <cpp:file>&lt;string.h&gt;</cpp:file></cpp:include>
<cpp:include>#<cpp:directive>include</cpp:directive> <cpp:file>&lt;stdlib.h&gt;</cpp:file></cpp:include>
<cpp:include>#<cpp:directive>include</cpp:directive> <cpp:file>&lt;errno.h&gt;</cpp:file></cpp:include>
<cpp:if>#<cpp:directive>if</cpp:directive> <expr><call><name>defined</name><argument_list>(<argument><expr><name>EVENT__HAVE_SYS_TIME_H</name></expr></argument>)</argument_list></call></expr></cpp:if>
<cpp:include>#<cpp:directive>include</cpp:directive> <cpp:file>&lt;sys/time.h&gt;</cpp:file></cpp:include>
<cpp:endif>#<cpp:directive>endif</cpp:directive></cpp:endif>
<cpp:if>#<cpp:directive>if</cpp:directive> <expr><call><name>defined</name><argument_list>(<argument><expr><name>EVENT__HAVE_SYS_RESOURCE_H</name></expr></argument>)</argument_list></call></expr></cpp:if>
<cpp:include>#<cpp:directive>include</cpp:directive> <cpp:file>&lt;sys/resource.h&gt;</cpp:file></cpp:include>
<cpp:endif>#<cpp:directive>endif</cpp:directive></cpp:endif>
<cpp:if>#<cpp:directive>if</cpp:directive> <expr><call><name>defined</name><argument_list>(<argument><expr><name>EVENT__HAVE_NETINET_IN_H</name></expr></argument>)</argument_list></call></expr></cpp:if>
<cpp:include>#<cpp:directive>include</cpp:directive> <cpp:file>&lt;netinet/in.h&gt;</cpp:file></cpp:include>
<cpp:endif>#<cpp:directive>endif</cpp:directive></cpp:endif>

<cpp:include>#<cpp:directive>include</cpp:directive> <cpp:file>"event2/event.h"</cpp:file></cpp:include>
<cpp:include>#<cpp:directive>include</cpp:directive> <cpp:file>"event2/bufferevent.h"</cpp:file></cpp:include>
<cpp:include>#<cpp:directive>include</cpp:directive> <cpp:file>"event2/buffer.h"</cpp:file></cpp:include>
<cpp:include>#<cpp:directive>include</cpp:directive> <cpp:file>"event2/listener.h"</cpp:file></cpp:include>



<cpp:if>#<cpp:directive>if</cpp:directive> <expr><call><name>defined</name><argument_list>(<argument><expr><name>_WIN32</name></expr></argument>)</argument_list></call></expr></cpp:if>
<cpp:define>#<cpp:directive>define</cpp:directive> <cpp:macro><name>MAX_REQUESTS</name></cpp:macro> <cpp:value>1000</cpp:value></cpp:define>
<cpp:else>#<cpp:directive>else</cpp:directive></cpp:else>
<cpp:define>#<cpp:directive>define</cpp:directive> <cpp:macro><name>MAX_REQUESTS</name></cpp:macro> <cpp:value>4000</cpp:value></cpp:define>
<cpp:endif>#<cpp:directive>endif</cpp:directive></cpp:endif>


<decl_stmt><decl><type><specifier>static</specifier> <name><name>struct</name> <name>sockaddr_in</name></name></type> <name>saddr</name></decl>;</decl_stmt>


<decl_stmt><decl><type><specifier>static</specifier> <name>int</name></type> <name>num_requests</name></decl>;</decl_stmt>

<function_decl><type><specifier>static</specifier> <name>void</name></type> <name>start_client</name><parameter_list>(<parameter><decl><type><name><name>struct</name> <name>event_base</name></name> <modifier>*</modifier></type><name>base</name></decl></parameter>)</parameter_list>;</function_decl>

<function><type><specifier>static</specifier> <name>void</name></type>
<name>my_perror</name><parameter_list>(<parameter><decl><type><specifier>const</specifier> <name>char</name> <modifier>*</modifier></type><name>s</name></decl></parameter>)</parameter_list>
<block>{<block_content>
<expr_stmt><expr><call><name>fprintf</name><argument_list>(<argument><expr><name>stderr</name></expr></argument>, <argument><expr><literal type="string">"%s: %s"</literal></expr></argument>,
<argument><expr><name>s</name></expr></argument>, <argument><expr><call><name>evutil_socket_error_to_string</name><argument_list>(<argument><expr><call><name>EVUTIL_SOCKET_ERROR</name><argument_list>()</argument_list></call></expr></argument>)</argument_list></call></expr></argument>)</argument_list></call></expr>;</expr_stmt>
</block_content>}</block></function>








<function><type><specifier>static</specifier> <name>void</name></type>
<name>server_read_cb</name><parameter_list>(<parameter><decl><type><name><name>struct</name> <name>bufferevent</name></name> <modifier>*</modifier></type><name>bev</name></decl></parameter>, <parameter><decl><type><name>void</name> <modifier>*</modifier></type><name>ctx</name></decl></parameter>)</parameter_list>
<block>{<block_content>
<while>while <condition>(<expr><call><name>evbuffer_get_length</name><argument_list>(<argument><expr><call><name>bufferevent_get_input</name><argument_list>(<argument><expr><name>bev</name></expr></argument>)</argument_list></call></expr></argument>)</argument_list></call></expr>)</condition> <block>{<block_content>
<decl_stmt><decl><type><name>unsigned</name> <name>char</name></type> <name>tmp</name></decl>;</decl_stmt>
<expr_stmt><expr><call><name>bufferevent_read</name><argument_list>(<argument><expr><name>bev</name></expr></argument>, <argument><expr><operator>&amp;</operator><name>tmp</name></expr></argument>, <argument><expr><literal type="number">1</literal></expr></argument>)</argument_list></call></expr>;</expr_stmt>
<expr_stmt><expr><call><name>bufferevent_write</name><argument_list>(<argument><expr><name>bev</name></expr></argument>, <argument><expr><operator>&amp;</operator><name>tmp</name></expr></argument>, <argument><expr><literal type="number">1</literal></expr></argument>)</argument_list></call></expr>;</expr_stmt>
</block_content>}</block></while>
</block_content>}</block></function>


<function><type><specifier>static</specifier> <name>void</name></type>
<name>server_event_cb</name><parameter_list>(<parameter><decl><type><name><name>struct</name> <name>bufferevent</name></name> <modifier>*</modifier></type><name>bev</name></decl></parameter>, <parameter><decl><type><name>short</name></type> <name>events</name></decl></parameter>, <parameter><decl><type><name>void</name> <modifier>*</modifier></type><name>ctx</name></decl></parameter>)</parameter_list>
<block>{<block_content>
<if_stmt><if>if <condition>(<expr><name>events</name> <operator>&amp;</operator> <name>BEV_EVENT_ERROR</name></expr>)</condition> <block>{<block_content>
<expr_stmt><expr><call><name>my_perror</name><argument_list>(<argument><expr><literal type="string">"Error from bufferevent"</literal></expr></argument>)</argument_list></call></expr>;</expr_stmt>
<expr_stmt><expr><call><name>exit</name><argument_list>(<argument><expr><literal type="number">1</literal></expr></argument>)</argument_list></call></expr>;</expr_stmt>
</block_content>}</block></if> <if type="elseif">else if <condition>(<expr><name>events</name> <operator>&amp;</operator> <operator>(</operator><name>BEV_EVENT_EOF</name> <operator>|</operator> <name>BEV_EVENT_ERROR</name><operator>)</operator></expr>)</condition> <block>{<block_content>
<expr_stmt><expr><call><name>bufferevent_free</name><argument_list>(<argument><expr><name>bev</name></expr></argument>)</argument_list></call></expr>;</expr_stmt>
</block_content>}</block></if></if_stmt>
</block_content>}</block></function>


<function><type><specifier>static</specifier> <name>void</name></type>
<name>listener_accept_cb</name><parameter_list>(<parameter><decl><type><name><name>struct</name> <name>evconnlistener</name></name> <modifier>*</modifier></type><name>listener</name></decl></parameter>, <parameter><decl><type><name>evutil_socket_t</name></type> <name>sock</name></decl></parameter>,
<parameter><decl><type><name><name>struct</name> <name>sockaddr</name></name> <modifier>*</modifier></type><name>addr</name></decl></parameter>, <parameter><decl><type><name>int</name></type> <name>len</name></decl></parameter>, <parameter><decl><type><name>void</name> <modifier>*</modifier></type><name>ptr</name></decl></parameter>)</parameter_list>
<block>{<block_content>
<decl_stmt><decl><type><name><name>struct</name> <name>event_base</name></name> <modifier>*</modifier></type><name>base</name> <init>= <expr><call><name>evconnlistener_get_base</name><argument_list>(<argument><expr><name>listener</name></expr></argument>)</argument_list></call></expr></init></decl>;</decl_stmt>
<decl_stmt><decl><type><name><name>struct</name> <name>bufferevent</name></name> <modifier>*</modifier></type><name>bev</name> <init>= <expr><call><name>bufferevent_socket_new</name><argument_list>(<argument><expr><name>base</name></expr></argument>, <argument><expr><name>sock</name></expr></argument>,
<argument><expr><name>BEV_OPT_CLOSE_ON_FREE</name></expr></argument>)</argument_list></call></expr></init></decl>;</decl_stmt>

<expr_stmt><expr><call><name>bufferevent_setcb</name><argument_list>(<argument><expr><name>bev</name></expr></argument>, <argument><expr><name>server_read_cb</name></expr></argument>, <argument><expr><name>NULL</name></expr></argument>, <argument><expr><name>server_event_cb</name></expr></argument>, <argument><expr><name>NULL</name></expr></argument>)</argument_list></call></expr>;</expr_stmt>
<expr_stmt><expr><call><name>bufferevent_enable</name><argument_list>(<argument><expr><name>bev</name></expr></argument>, <argument><expr><name>EV_READ</name><operator>|</operator><name>EV_WRITE</name></expr></argument>)</argument_list></call></expr>;</expr_stmt>
</block_content>}</block></function>


<function><type><specifier>static</specifier> <name>void</name></type>
<name>start_loop</name><parameter_list>(<parameter><decl><type><name>void</name></type></decl></parameter>)</parameter_list>
<block>{<block_content>
<decl_stmt><decl><type><name><name>struct</name> <name>event_base</name></name> <modifier>*</modifier></type><name>base</name></decl>;</decl_stmt>
<decl_stmt><decl><type><name><name>struct</name> <name>evconnlistener</name></name> <modifier>*</modifier></type><name>listener</name></decl>;</decl_stmt>
<decl_stmt><decl><type><name><name>struct</name> <name>sockaddr_storage</name></name></type> <name>ss</name></decl>;</decl_stmt>
<decl_stmt><decl><type><name>ev_socklen_t</name></type> <name>socklen</name> <init>= <expr><sizeof>sizeof<argument_list>(<argument><expr><name>ss</name></expr></argument>)</argument_list></sizeof></expr></init></decl>;</decl_stmt>
<decl_stmt><decl><type><name>evutil_socket_t</name></type> <name>fd</name></decl>;</decl_stmt>

<expr_stmt><expr><name>base</name> <operator>=</operator> <call><name>event_base_new</name><argument_list>()</argument_list></call></expr>;</expr_stmt>
<if_stmt><if>if <condition>(<expr><name>base</name> <operator>==</operator> <name>NULL</name></expr>)</condition> <block>{<block_content>
<expr_stmt><expr><call><name>puts</name><argument_list>(<argument><expr><literal type="string">"Could not open event base!"</literal></expr></argument>)</argument_list></call></expr>;</expr_stmt>
<expr_stmt><expr><call><name>exit</name><argument_list>(<argument><expr><literal type="number">1</literal></expr></argument>)</argument_list></call></expr>;</expr_stmt>
</block_content>}</block></if></if_stmt>

<expr_stmt><expr><name>listener</name> <operator>=</operator> <call><name>evconnlistener_new_bind</name><argument_list>(<argument><expr><name>base</name></expr></argument>, <argument><expr><name>listener_accept_cb</name></expr></argument>, <argument><expr><name>NULL</name></expr></argument>,
<argument><expr><name>LEV_OPT_CLOSE_ON_FREE</name><operator>|</operator><name>LEV_OPT_REUSEABLE</name></expr></argument>,
<argument><expr><operator>-</operator><literal type="number">1</literal></expr></argument>, <argument><expr><operator>(</operator>struct <name>sockaddr</name> <operator>*</operator><operator>)</operator><operator>&amp;</operator><name>saddr</name></expr></argument>, <argument><expr><sizeof>sizeof<argument_list>(<argument><expr><name>saddr</name></expr></argument>)</argument_list></sizeof></expr></argument>)</argument_list></call></expr>;</expr_stmt>
<if_stmt><if>if <condition>(<expr><name>listener</name> <operator>==</operator> <name>NULL</name></expr>)</condition> <block>{<block_content>
<expr_stmt><expr><call><name>my_perror</name><argument_list>(<argument><expr><literal type="string">"Could not create listener!"</literal></expr></argument>)</argument_list></call></expr>;</expr_stmt>
<expr_stmt><expr><call><name>exit</name><argument_list>(<argument><expr><literal type="number">1</literal></expr></argument>)</argument_list></call></expr>;</expr_stmt>
</block_content>}</block></if></if_stmt>
<expr_stmt><expr><name>fd</name> <operator>=</operator> <call><name>evconnlistener_get_fd</name><argument_list>(<argument><expr><name>listener</name></expr></argument>)</argument_list></call></expr>;</expr_stmt>
<if_stmt><if>if <condition>(<expr><name>fd</name> <operator>&lt;</operator> <literal type="number">0</literal></expr>)</condition> <block>{<block_content>
<expr_stmt><expr><call><name>puts</name><argument_list>(<argument><expr><literal type="string">"Couldn't get fd from listener"</literal></expr></argument>)</argument_list></call></expr>;</expr_stmt>
<expr_stmt><expr><call><name>exit</name><argument_list>(<argument><expr><literal type="number">1</literal></expr></argument>)</argument_list></call></expr>;</expr_stmt>
</block_content>}</block></if></if_stmt>
<if_stmt><if>if <condition>(<expr><call><name>getsockname</name><argument_list>(<argument><expr><name>fd</name></expr></argument>, <argument><expr><operator>(</operator>struct <name>sockaddr</name> <operator>*</operator><operator>)</operator><operator>&amp;</operator><name>ss</name></expr></argument>, <argument><expr><operator>&amp;</operator><name>socklen</name></expr></argument>)</argument_list></call> <operator>&lt;</operator> <literal type="number">0</literal></expr>)</condition> <block>{<block_content>
<expr_stmt><expr><call><name>my_perror</name><argument_list>(<argument><expr><literal type="string">"getsockname()"</literal></expr></argument>)</argument_list></call></expr>;</expr_stmt>
<expr_stmt><expr><call><name>exit</name><argument_list>(<argument><expr><literal type="number">1</literal></expr></argument>)</argument_list></call></expr>;</expr_stmt>
</block_content>}</block></if></if_stmt>
<expr_stmt><expr><call><name>memcpy</name><argument_list>(<argument><expr><operator>&amp;</operator><name>saddr</name></expr></argument>, <argument><expr><operator>&amp;</operator><name>ss</name></expr></argument>, <argument><expr><sizeof>sizeof<argument_list>(<argument><expr><name>saddr</name></expr></argument>)</argument_list></sizeof></expr></argument>)</argument_list></call></expr>;</expr_stmt>
<if_stmt><if>if <condition>(<expr><name><name>saddr</name><operator>.</operator><name>sin_family</name></name> <operator>!=</operator> <name>AF_INET</name></expr>)</condition> <block>{<block_content>
<expr_stmt><expr><call><name>puts</name><argument_list>(<argument><expr><literal type="string">"AF mismatch from getsockname()."</literal></expr></argument>)</argument_list></call></expr>;</expr_stmt>
<expr_stmt><expr><call><name>exit</name><argument_list>(<argument><expr><literal type="number">1</literal></expr></argument>)</argument_list></call></expr>;</expr_stmt>
</block_content>}</block></if></if_stmt>

<expr_stmt><expr><call><name>start_client</name><argument_list>(<argument><expr><name>base</name></expr></argument>)</argument_list></call></expr>;</expr_stmt>

<expr_stmt><expr><call><name>event_base_dispatch</name><argument_list>(<argument><expr><name>base</name></expr></argument>)</argument_list></call></expr>;</expr_stmt>
</block_content>}</block></function>









<function><type><specifier>static</specifier> <name>void</name></type>
<name>client_read_cb</name><parameter_list>(<parameter><decl><type><name><name>struct</name> <name>bufferevent</name></name> <modifier>*</modifier></type><name>bev</name></decl></parameter>, <parameter><decl><type><name>void</name> <modifier>*</modifier></type><name>ctx</name></decl></parameter>)</parameter_list>
<block>{<block_content>
<decl_stmt><decl><type><name>unsigned</name> <name>char</name></type> <name>tmp</name></decl>;</decl_stmt>
<decl_stmt><decl><type><name><name>struct</name> <name>event_base</name></name> <modifier>*</modifier></type><name>base</name> <init>= <expr><call><name>bufferevent_get_base</name><argument_list>(<argument><expr><name>bev</name></expr></argument>)</argument_list></call></expr></init></decl>;</decl_stmt>

<expr_stmt><expr><call><name>bufferevent_read</name><argument_list>(<argument><expr><name>bev</name></expr></argument>, <argument><expr><operator>&amp;</operator><name>tmp</name></expr></argument>, <argument><expr><literal type="number">1</literal></expr></argument>)</argument_list></call></expr>;</expr_stmt>
<if_stmt><if>if <condition>(<expr><name>tmp</name> <operator>!=</operator> <literal type="char">'A'</literal></expr>)</condition> <block>{<block_content>
<expr_stmt><expr><call><name>puts</name><argument_list>(<argument><expr><literal type="string">"Incorrect data received!"</literal></expr></argument>)</argument_list></call></expr>;</expr_stmt>
<expr_stmt><expr><call><name>exit</name><argument_list>(<argument><expr><literal type="number">2</literal></expr></argument>)</argument_list></call></expr>;</expr_stmt>
</block_content>}</block></if></if_stmt>
<expr_stmt><expr><call><name>bufferevent_free</name><argument_list>(<argument><expr><name>bev</name></expr></argument>)</argument_list></call></expr>;</expr_stmt>

<expr_stmt><expr><name>num_requests</name><operator>++</operator></expr>;</expr_stmt>
<if_stmt><if>if <condition>(<expr><name>num_requests</name> <operator>==</operator> <name>MAX_REQUESTS</name></expr>)</condition> <block>{<block_content>
<expr_stmt><expr><call><name>event_base_loopbreak</name><argument_list>(<argument><expr><name>base</name></expr></argument>)</argument_list></call></expr>;</expr_stmt>
</block_content>}</block></if> <else>else <block>{<block_content>
<expr_stmt><expr><call><name>start_client</name><argument_list>(<argument><expr><name>base</name></expr></argument>)</argument_list></call></expr>;</expr_stmt>
</block_content>}</block></else></if_stmt>
</block_content>}</block></function>


<function><type><specifier>static</specifier> <name>void</name></type>
<name>client_event_cb</name><parameter_list>(<parameter><decl><type><name><name>struct</name> <name>bufferevent</name></name> <modifier>*</modifier></type><name>bev</name></decl></parameter>, <parameter><decl><type><name>short</name></type> <name>events</name></decl></parameter>, <parameter><decl><type><name>void</name> <modifier>*</modifier></type><name>ctx</name></decl></parameter>)</parameter_list>
<block>{<block_content>
<if_stmt><if>if <condition>(<expr><name>events</name> <operator>&amp;</operator> <name>BEV_EVENT_CONNECTED</name></expr>)</condition> <block>{<block_content>
<decl_stmt><decl><type><name>unsigned</name> <name>char</name></type> <name>tmp</name> <init>= <expr><literal type="char">'A'</literal></expr></init></decl>;</decl_stmt>
<expr_stmt><expr><call><name>bufferevent_write</name><argument_list>(<argument><expr><name>bev</name></expr></argument>, <argument><expr><operator>&amp;</operator><name>tmp</name></expr></argument>, <argument><expr><literal type="number">1</literal></expr></argument>)</argument_list></call></expr>;</expr_stmt>
</block_content>}</block></if> <if type="elseif">else if <condition>(<expr><name>events</name> <operator>&amp;</operator> <name>BEV_EVENT_ERROR</name></expr>)</condition> <block>{<block_content>
<expr_stmt><expr><call><name>puts</name><argument_list>(<argument><expr><literal type="string">"Client socket got error!"</literal></expr></argument>)</argument_list></call></expr>;</expr_stmt>
<expr_stmt><expr><call><name>exit</name><argument_list>(<argument><expr><literal type="number">2</literal></expr></argument>)</argument_list></call></expr>;</expr_stmt>
</block_content>}</block></if></if_stmt>

<expr_stmt><expr><call><name>bufferevent_enable</name><argument_list>(<argument><expr><name>bev</name></expr></argument>, <argument><expr><name>EV_READ</name></expr></argument>)</argument_list></call></expr>;</expr_stmt>
</block_content>}</block></function>


<function><type><specifier>static</specifier> <name>void</name></type>
<name>start_client</name><parameter_list>(<parameter><decl><type><name><name>struct</name> <name>event_base</name></name> <modifier>*</modifier></type><name>base</name></decl></parameter>)</parameter_list>
<block>{<block_content>
<decl_stmt><decl><type><name><name>struct</name> <name>bufferevent</name></name> <modifier>*</modifier></type><name>bev</name> <init>= <expr><call><name>bufferevent_socket_new</name><argument_list>(<argument><expr><name>base</name></expr></argument>, <argument><expr><operator>-</operator><literal type="number">1</literal></expr></argument>,
<argument><expr><name>BEV_OPT_CLOSE_ON_FREE</name></expr></argument>)</argument_list></call></expr></init></decl>;</decl_stmt>
<expr_stmt><expr><call><name>bufferevent_setcb</name><argument_list>(<argument><expr><name>bev</name></expr></argument>, <argument><expr><name>client_read_cb</name></expr></argument>, <argument><expr><name>NULL</name></expr></argument>, <argument><expr><name>client_event_cb</name></expr></argument>, <argument><expr><name>NULL</name></expr></argument>)</argument_list></call></expr>;</expr_stmt>

<if_stmt><if>if <condition>(<expr><call><name>bufferevent_socket_connect</name><argument_list>(<argument><expr><name>bev</name></expr></argument>, <argument><expr><operator>(</operator>struct <name>sockaddr</name> <operator>*</operator><operator>)</operator><operator>&amp;</operator><name>saddr</name></expr></argument>,
<argument><expr><sizeof>sizeof<argument_list>(<argument><expr><name>saddr</name></expr></argument>)</argument_list></sizeof></expr></argument>)</argument_list></call> <operator>&lt;</operator> <literal type="number">0</literal></expr>)</condition> <block>{<block_content>
<expr_stmt><expr><call><name>my_perror</name><argument_list>(<argument><expr><literal type="string">"Could not connect!"</literal></expr></argument>)</argument_list></call></expr>;</expr_stmt>
<expr_stmt><expr><call><name>bufferevent_free</name><argument_list>(<argument><expr><name>bev</name></expr></argument>)</argument_list></call></expr>;</expr_stmt>
<expr_stmt><expr><call><name>exit</name><argument_list>(<argument><expr><literal type="number">2</literal></expr></argument>)</argument_list></call></expr>;</expr_stmt>
</block_content>}</block></if></if_stmt>
</block_content>}</block></function>

<function><type><name>int</name></type>
<name>main</name><parameter_list>(<parameter><decl><type><name>int</name></type> <name>argc</name></decl></parameter>, <parameter><decl><type><name>char</name> <modifier>*</modifier><modifier>*</modifier></type><name>argv</name></decl></parameter>)</parameter_list>
<block>{<block_content>
<cpp:if>#<cpp:directive>if</cpp:directive> <expr><call><name>defined</name><argument_list>(<argument><expr><name>EVENT__HAVE_SETRLIMIT</name></expr></argument>)</argument_list></call></expr></cpp:if>


<decl_stmt><decl><type><name><name>struct</name> <name>rlimit</name></name></type> <name>rl</name></decl>;</decl_stmt>
<expr_stmt><expr><name><name>rl</name><operator>.</operator><name>rlim_cur</name></name> <operator>=</operator> <name><name>rl</name><operator>.</operator><name>rlim_max</name></name> <operator>=</operator> <literal type="number">20</literal></expr>;</expr_stmt>
<if_stmt><if>if <condition>(<expr><call><name>setrlimit</name><argument_list>(<argument><expr><name>RLIMIT_NOFILE</name></expr></argument>, <argument><expr><operator>&amp;</operator><name>rl</name></expr></argument>)</argument_list></call> <operator>==</operator> <operator>-</operator><literal type="number">1</literal></expr>)</condition> <block>{<block_content>
<expr_stmt><expr><call><name>my_perror</name><argument_list>(<argument><expr><literal type="string">"setrlimit"</literal></expr></argument>)</argument_list></call></expr>;</expr_stmt>
<expr_stmt><expr><call><name>exit</name><argument_list>(<argument><expr><literal type="number">3</literal></expr></argument>)</argument_list></call></expr>;</expr_stmt>
</block_content>}</block></if></if_stmt>
<cpp:endif>#<cpp:directive>endif</cpp:directive></cpp:endif>

<cpp:if>#<cpp:directive>if</cpp:directive> <expr><call><name>defined</name><argument_list>(<argument><expr><name>_WIN32</name></expr></argument>)</argument_list></call></expr></cpp:if>
<decl_stmt><decl><type><name>WSADATA</name></type> <name>WSAData</name></decl>;</decl_stmt>
<expr_stmt><expr><call><name>WSAStartup</name><argument_list>(<argument><expr><literal type="number">0x101</literal></expr></argument>, <argument><expr><operator>&amp;</operator><name>WSAData</name></expr></argument>)</argument_list></call></expr>;</expr_stmt>
<cpp:endif>#<cpp:directive>endif</cpp:directive></cpp:endif>


<expr_stmt><expr><call><name>memset</name><argument_list>(<argument><expr><operator>&amp;</operator><name>saddr</name></expr></argument>, <argument><expr><literal type="number">0</literal></expr></argument>, <argument><expr><sizeof>sizeof<argument_list>(<argument><expr><name>saddr</name></expr></argument>)</argument_list></sizeof></expr></argument>)</argument_list></call></expr>;</expr_stmt>
<expr_stmt><expr><name><name>saddr</name><operator>.</operator><name>sin_family</name></name> <operator>=</operator> <name>AF_INET</name></expr>;</expr_stmt>
<expr_stmt><expr><name><name>saddr</name><operator>.</operator><name>sin_addr</name><operator>.</operator><name>s_addr</name></name> <operator>=</operator> <call><name>htonl</name><argument_list>(<argument><expr><literal type="number">0x7f000001</literal></expr></argument>)</argument_list></call></expr>;</expr_stmt>
<expr_stmt><expr><name><name>saddr</name><operator>.</operator><name>sin_port</name></name> <operator>=</operator> <literal type="number">0</literal></expr>;</expr_stmt>

<expr_stmt><expr><call><name>start_loop</name><argument_list>()</argument_list></call></expr>;</expr_stmt>

<return>return <expr><literal type="number">0</literal></expr>;</return>
</block_content>}</block></function>


</unit>
