<?xml version="1.0" encoding="UTF-8" standalone="yes"?>
<unit xmlns="http://www.srcML.org/srcML/src" xmlns:cpp="http://www.srcML.org/srcML/cpp" revision="1.0.0" language="C" filename="/home/user/cppstats/test/freeBSD_res/_cppstats_featurelocations/freebsd-src/contrib/libevent/test/test-eof.c">

























<cpp:include>#<cpp:directive>include</cpp:directive> <cpp:file>"../util-internal.h"</cpp:file></cpp:include>
<cpp:include>#<cpp:directive>include</cpp:directive> <cpp:file>"event2/event-config.h"</cpp:file></cpp:include>

<cpp:if>#<cpp:directive>if</cpp:directive> <expr><call><name>defined</name><argument_list>(<argument><expr><name>_WIN32</name></expr></argument>)</argument_list></call></expr></cpp:if>
<cpp:include>#<cpp:directive>include</cpp:directive> <cpp:file>&lt;winsock2.h&gt;</cpp:file></cpp:include>
<cpp:else>#<cpp:directive>else</cpp:directive></cpp:else>
<cpp:include>#<cpp:directive>include</cpp:directive> <cpp:file>&lt;unistd.h&gt;</cpp:file></cpp:include>
<cpp:endif>#<cpp:directive>endif</cpp:directive></cpp:endif>
<cpp:include>#<cpp:directive>include</cpp:directive> <cpp:file>&lt;sys/types.h&gt;</cpp:file></cpp:include>
<cpp:include>#<cpp:directive>include</cpp:directive> <cpp:file>&lt;sys/stat.h&gt;</cpp:file></cpp:include>
<cpp:if>#<cpp:directive>if</cpp:directive> <expr><call><name>defined</name><argument_list>(<argument><expr><name>EVENT__HAVE_SYS_TIME_H</name></expr></argument>)</argument_list></call></expr></cpp:if>
<cpp:include>#<cpp:directive>include</cpp:directive> <cpp:file>&lt;sys/time.h&gt;</cpp:file></cpp:include>
<cpp:endif>#<cpp:directive>endif</cpp:directive></cpp:endif>
<cpp:if>#<cpp:directive>if</cpp:directive> <expr><call><name>defined</name><argument_list>(<argument><expr><name>EVENT__HAVE_SYS_SOCKET_H</name></expr></argument>)</argument_list></call></expr></cpp:if>
<cpp:include>#<cpp:directive>include</cpp:directive> <cpp:file>&lt;sys/socket.h&gt;</cpp:file></cpp:include>
<cpp:endif>#<cpp:directive>endif</cpp:directive></cpp:endif>
<cpp:include>#<cpp:directive>include</cpp:directive> <cpp:file>&lt;fcntl.h&gt;</cpp:file></cpp:include>
<cpp:include>#<cpp:directive>include</cpp:directive> <cpp:file>&lt;stdlib.h&gt;</cpp:file></cpp:include>
<cpp:include>#<cpp:directive>include</cpp:directive> <cpp:file>&lt;stdio.h&gt;</cpp:file></cpp:include>
<cpp:include>#<cpp:directive>include</cpp:directive> <cpp:file>&lt;string.h&gt;</cpp:file></cpp:include>
<cpp:include>#<cpp:directive>include</cpp:directive> <cpp:file>&lt;errno.h&gt;</cpp:file></cpp:include>

<cpp:include>#<cpp:directive>include</cpp:directive> <cpp:file>&lt;event.h&gt;</cpp:file></cpp:include>
<cpp:include>#<cpp:directive>include</cpp:directive> <cpp:file>&lt;evutil.h&gt;</cpp:file></cpp:include>

<decl_stmt><decl><type><name>int</name></type> <name>test_okay</name> <init>= <expr><literal type="number">1</literal></expr></init></decl>;</decl_stmt>
<decl_stmt><decl><type><name>int</name></type> <name>called</name> <init>= <expr><literal type="number">0</literal></expr></init></decl>;</decl_stmt>
<decl_stmt><decl><type><name><name>struct</name> <name>timeval</name></name></type> <name>timeout</name> <init>= <expr><block>{<expr><literal type="number">60</literal></expr>, <expr><literal type="number">0</literal></expr>}</block></expr></init></decl>;</decl_stmt>

<function><type><specifier>static</specifier> <name>void</name></type>
<name>read_cb</name><parameter_list>(<parameter><decl><type><name>evutil_socket_t</name></type> <name>fd</name></decl></parameter>, <parameter><decl><type><name>short</name></type> <name>event</name></decl></parameter>, <parameter><decl><type><name>void</name> <modifier>*</modifier></type><name>arg</name></decl></parameter>)</parameter_list>
<block>{<block_content>
<decl_stmt><decl><type><name>char</name></type> <name><name>buf</name><index>[<expr><literal type="number">256</literal></expr>]</index></name></decl>;</decl_stmt>
<decl_stmt><decl><type><name>int</name></type> <name>len</name></decl>;</decl_stmt>

<if_stmt><if>if <condition>(<expr><name>EV_TIMEOUT</name> <operator>&amp;</operator> <name>event</name></expr>)</condition> <block>{<block_content>
<expr_stmt><expr><call><name>printf</name><argument_list>(<argument><expr><literal type="string">"%s: Timeout!\n"</literal></expr></argument>, <argument><expr><name>__func__</name></expr></argument>)</argument_list></call></expr>;</expr_stmt>
<expr_stmt><expr><call><name>exit</name><argument_list>(<argument><expr><literal type="number">1</literal></expr></argument>)</argument_list></call></expr>;</expr_stmt>
</block_content>}</block></if></if_stmt>

<expr_stmt><expr><name>len</name> <operator>=</operator> <call><name>recv</name><argument_list>(<argument><expr><name>fd</name></expr></argument>, <argument><expr><name>buf</name></expr></argument>, <argument><expr><sizeof>sizeof<argument_list>(<argument><expr><name>buf</name></expr></argument>)</argument_list></sizeof></expr></argument>, <argument><expr><literal type="number">0</literal></expr></argument>)</argument_list></call></expr>;</expr_stmt>

<expr_stmt><expr><call><name>printf</name><argument_list>(<argument><expr><literal type="string">"%s: read %d%s\n"</literal></expr></argument>, <argument><expr><name>__func__</name></expr></argument>,
<argument><expr><name>len</name></expr></argument>, <argument><expr><ternary><condition><expr><name>len</name></expr> ?</condition><then> <expr><literal type="string">""</literal></expr> </then><else>: <expr><literal type="string">" - means EOF"</literal></expr></else></ternary></expr></argument>)</argument_list></call></expr>;</expr_stmt>

<if_stmt><if>if <condition>(<expr><name>len</name></expr>)</condition> <block>{<block_content>
<if_stmt><if>if <condition>(<expr><operator>!</operator><name>called</name></expr>)</condition><block type="pseudo"><block_content>
<expr_stmt><expr><call><name>event_add</name><argument_list>(<argument><expr><name>arg</name></expr></argument>, <argument><expr><operator>&amp;</operator><name>timeout</name></expr></argument>)</argument_list></call></expr>;</expr_stmt></block_content></block></if></if_stmt>
</block_content>}</block></if> <if type="elseif">else if <condition>(<expr><name>called</name> <operator>==</operator> <literal type="number">1</literal></expr>)</condition><block type="pseudo"><block_content>
<expr_stmt><expr><name>test_okay</name> <operator>=</operator> <literal type="number">0</literal></expr>;</expr_stmt></block_content></block></if></if_stmt>

<expr_stmt><expr><name>called</name><operator>++</operator></expr>;</expr_stmt>
</block_content>}</block></function>

<function><type><name>int</name></type>
<name>main</name><parameter_list>(<parameter><decl><type><name>int</name></type> <name>argc</name></decl></parameter>, <parameter><decl><type><name>char</name> <modifier>*</modifier><modifier>*</modifier></type><name>argv</name></decl></parameter>)</parameter_list>
<block>{<block_content>
<decl_stmt><decl><type><name><name>struct</name> <name>event</name></name></type> <name>ev</name></decl>;</decl_stmt>
<decl_stmt><decl><type><specifier>const</specifier> <name>char</name> <modifier>*</modifier></type><name>test</name> <init>= <expr><literal type="string">"test string"</literal></expr></init></decl>;</decl_stmt>
<decl_stmt><decl><type><name>evutil_socket_t</name></type> <name><name>pair</name><index>[<expr><literal type="number">2</literal></expr>]</index></name></decl>;</decl_stmt>

<cpp:if>#<cpp:directive>if</cpp:directive> <expr><call><name>defined</name><argument_list>(<argument><expr><name>_WIN32</name></expr></argument>)</argument_list></call></expr></cpp:if>
<decl_stmt><decl><type><name>WORD</name></type> <name>wVersionRequested</name></decl>;</decl_stmt>
<decl_stmt><decl><type><name>WSADATA</name></type> <name>wsaData</name></decl>;</decl_stmt>

<expr_stmt><expr><name>wVersionRequested</name> <operator>=</operator> <call><name>MAKEWORD</name><argument_list>(<argument><expr><literal type="number">2</literal></expr></argument>, <argument><expr><literal type="number">2</literal></expr></argument>)</argument_list></call></expr>;</expr_stmt>

<expr_stmt><expr><operator>(</operator><name>void</name><operator>)</operator> <call><name>WSAStartup</name><argument_list>(<argument><expr><name>wVersionRequested</name></expr></argument>, <argument><expr><operator>&amp;</operator><name>wsaData</name></expr></argument>)</argument_list></call></expr>;</expr_stmt>
<cpp:endif>#<cpp:directive>endif</cpp:directive></cpp:endif>

<if_stmt><if>if <condition>(<expr><call><name>evutil_socketpair</name><argument_list>(<argument><expr><name>AF_UNIX</name></expr></argument>, <argument><expr><name>SOCK_STREAM</name></expr></argument>, <argument><expr><literal type="number">0</literal></expr></argument>, <argument><expr><name>pair</name></expr></argument>)</argument_list></call> <operator>==</operator> <operator>-</operator><literal type="number">1</literal></expr>)</condition><block type="pseudo"><block_content>
<return>return <expr><operator>(</operator><literal type="number">1</literal><operator>)</operator></expr>;</return></block_content></block></if></if_stmt>


<if_stmt><if>if <condition>(<expr><call><name>send</name><argument_list>(<argument><expr><name><name>pair</name><index>[<expr><literal type="number">0</literal></expr>]</index></name></expr></argument>, <argument><expr><name>test</name></expr></argument>, <argument><expr><operator>(</operator><name>int</name><operator>)</operator><call><name>strlen</name><argument_list>(<argument><expr><name>test</name></expr></argument>)</argument_list></call><operator>+</operator><literal type="number">1</literal></expr></argument>, <argument><expr><literal type="number">0</literal></expr></argument>)</argument_list></call> <operator>&lt;</operator> <literal type="number">0</literal></expr>)</condition><block type="pseudo"><block_content>
<return>return <expr><operator>(</operator><literal type="number">1</literal><operator>)</operator></expr>;</return></block_content></block></if></if_stmt>
<expr_stmt><expr><call><name>shutdown</name><argument_list>(<argument><expr><name><name>pair</name><index>[<expr><literal type="number">0</literal></expr>]</index></name></expr></argument>, <argument><expr><name>EVUTIL_SHUT_WR</name></expr></argument>)</argument_list></call></expr>;</expr_stmt>


<expr_stmt><expr><call><name>event_init</name><argument_list>()</argument_list></call></expr>;</expr_stmt>


<expr_stmt><expr><call><name>event_set</name><argument_list>(<argument><expr><operator>&amp;</operator><name>ev</name></expr></argument>, <argument><expr><name><name>pair</name><index>[<expr><literal type="number">1</literal></expr>]</index></name></expr></argument>, <argument><expr><name>EV_READ</name> <operator>|</operator> <name>EV_TIMEOUT</name></expr></argument>, <argument><expr><name>read_cb</name></expr></argument>, <argument><expr><operator>&amp;</operator><name>ev</name></expr></argument>)</argument_list></call></expr>;</expr_stmt>

<expr_stmt><expr><call><name>event_add</name><argument_list>(<argument><expr><operator>&amp;</operator><name>ev</name></expr></argument>, <argument><expr><operator>&amp;</operator><name>timeout</name></expr></argument>)</argument_list></call></expr>;</expr_stmt>

<expr_stmt><expr><call><name>event_dispatch</name><argument_list>()</argument_list></call></expr>;</expr_stmt>

<return>return <expr><operator>(</operator><name>test_okay</name><operator>)</operator></expr>;</return>
</block_content>}</block></function>

</unit>
